d:\ra44-2015-shared\aadsp2_project\cirrus_logic_dsp_project\models\model2\model2\debug\vc140.pdb
d:\ra44-2015-shared\aadsp2_project\cirrus_logic_dsp_project\models\model2\model2\debug\vc140.idb
d:\ra44-2015-shared\aadsp2_project\cirrus_logic_dsp_project\models\model2\model2\debug\compressor.obj
d:\ra44-2015-shared\aadsp2_project\cirrus_logic_dsp_project\models\model2\model2\debug\fixed_point_math.obj
d:\ra44-2015-shared\aadsp2_project\cirrus_logic_dsp_project\models\model2\model2\debug\main.obj
d:\ra44-2015-shared\aadsp2_project\cirrus_logic_dsp_project\models\model2\model2\debug\stdfix_emu.obj
d:\ra44-2015-shared\aadsp2_project\cirrus_logic_dsp_project\models\model2\model2\debug\wavheader.obj
d:\ra44-2015-shared\aadsp2_project\cirrus_logic_dsp_project\models\model2\debug\model2.ilk
d:\ra44-2015-shared\aadsp2_project\cirrus_logic_dsp_project\models\model2\debug\model2.exe
d:\ra44-2015-shared\aadsp2_project\cirrus_logic_dsp_project\models\model2\debug\model2.pdb
c:\users\mladen\documents\aadsp2\cirrus_logic_dsp_project\models\model2\model2\debug\compressor.obj
c:\users\mladen\documents\aadsp2\cirrus_logic_dsp_project\models\model2\model2\debug\fixed_point_math.obj
c:\users\mladen\documents\aadsp2\cirrus_logic_dsp_project\models\model2\model2\debug\main.obj
c:\users\mladen\documents\aadsp2\cirrus_logic_dsp_project\models\model2\model2\debug\stdfix_emu.obj
c:\users\mladen\documents\aadsp2\cirrus_logic_dsp_project\models\model2\model2\debug\wavheader.obj
c:\users\mladen\documents\aadsp2\cirrus_logic_dsp_project\models\model2\model2\debug\vc140.idb
c:\users\mladen\documents\aadsp2\cirrus_logic_dsp_project\models\model2\model2\debug\vc140.pdb
c:\users\mladen\documents\aadsp2\cirrus_logic_dsp_project\models\model2\debug\model2.pdb
c:\users\mladen\documents\aadsp2\cirrus_logic_dsp_project\models\model2\debug\model2.exe
c:\users\mladen\documents\aadsp2\cirrus_logic_dsp_project\models\model2\debug\model2.ilk
c:\users\mladen\documents\aadsp2\cirrus_logic_dsp_project\models\model2\model2\debug\model2.tlog\cl.command.1.tlog
c:\users\mladen\documents\aadsp2\cirrus_logic_dsp_project\models\model2\model2\debug\model2.tlog\cl.read.1.tlog
c:\users\mladen\documents\aadsp2\cirrus_logic_dsp_project\models\model2\model2\debug\model2.tlog\cl.write.1.tlog
c:\users\mladen\documents\aadsp2\cirrus_logic_dsp_project\models\model2\model2\debug\model2.tlog\link.command.1.tlog
c:\users\mladen\documents\aadsp2\cirrus_logic_dsp_project\models\model2\model2\debug\model2.tlog\link.read.1.tlog
c:\users\mladen\documents\aadsp2\cirrus_logic_dsp_project\models\model2\model2\debug\model2.tlog\link.write.1.tlog
